2023-08-28 15:10:17 info: tempDirectory:/home/fidelio/.vscode-server/extensions/embold-vscode.embold-0.1.5/temp
2023-08-28 15:10:17 info: Extraction complete for source: /home/fidelio/.vscode-server/extensions/embold-vscode.embold-0.1.5/resources/embold-scanner-archive.zip, destination: /home/fidelio/.vscode-server/extensions/embold-vscode.embold-0.1.5/temp
2023-08-28 15:10:17 info: Congratulations, your extension "Embold" is now active!
2023-08-28 17:03:29 info: file:///home/fidelio/Main/Projects/ToDo%20API/.git/index.lock
2023-08-28 17:03:30 error: SQLITE_ERROR: no such table: issues
2023-08-28 17:05:58 info: file:///home/fidelio/Main/Projects/ToDo%20API/.git/index.lock
2023-08-28 17:05:58 error: SQLITE_ERROR: no such table: issues
2023-08-28 17:06:07 info: file:///home/fidelio/Main/Projects/ToDo%20API/.git/refs/remotes/origin/master.lock
2023-08-28 17:06:07 error: SQLITE_ERROR: no such table: issues
2023-08-29 13:49:04 info: tempDirectory:/home/fidelio/.vscode-server/extensions/embold-vscode.embold-0.1.5/temp
2023-08-29 13:49:04 info: Extraction complete for source: /home/fidelio/.vscode-server/extensions/embold-vscode.embold-0.1.5/resources/embold-scanner-archive.zip, destination: /home/fidelio/.vscode-server/extensions/embold-vscode.embold-0.1.5/temp
2023-08-29 13:49:04 info: Congratulations, your extension "Embold" is now active!
2023-08-30 02:13:04 info: tempDirectory:/home/fidelio/.vscode-server/extensions/embold-vscode.embold-0.1.5/temp
2023-08-30 05:08:24 info: tempDirectory:/home/fidelio/.vscode-server/extensions/embold-vscode.embold-0.1.5/temp
2023-08-30 05:08:24 info: Extraction complete for source: /home/fidelio/.vscode-server/extensions/embold-vscode.embold-0.1.5/resources/embold-scanner-archive.zip, destination: /home/fidelio/.vscode-server/extensions/embold-vscode.embold-0.1.5/temp
2023-08-30 05:08:24 info: Congratulations, your extension "Embold" is now active!
2023-08-30 06:39:59 info: file:///home/fidelio/Main/Projects/ToDo%20API/.git/index.lock
2023-08-30 06:40:00 error: SQLITE_ERROR: no such table: issues
2023-08-30 06:45:17 info: file:///home/fidelio/Main/Projects/ToDo%20API/.git/index.lock
2023-08-30 06:45:17 error: SQLITE_ERROR: no such table: issues
2023-08-30 06:57:56 info: tempDirectory:/home/fidelio/.vscode-server/extensions/embold-vscode.embold-0.1.5/temp
2023-08-30 06:57:56 info: Extraction complete for source: /home/fidelio/.vscode-server/extensions/embold-vscode.embold-0.1.5/resources/embold-scanner-archive.zip, destination: /home/fidelio/.vscode-server/extensions/embold-vscode.embold-0.1.5/temp
2023-08-30 06:57:56 info: Congratulations, your extension "Embold" is now active!
2023-09-02 20:58:31 info: tempDirectory:/home/fidelio/.vscode-server/extensions/embold-vscode.embold-0.1.5/temp
2023-09-02 20:58:31 info: Extraction complete for source: /home/fidelio/.vscode-server/extensions/embold-vscode.embold-0.1.5/resources/embold-scanner-archive.zip, destination: /home/fidelio/.vscode-server/extensions/embold-vscode.embold-0.1.5/temp
2023-09-02 20:58:31 info: Congratulations, your extension "Embold" is now active!
2023-09-02 20:58:58 info: file:///home/fidelio/Main/Projects/ToDo%20API/src/v1.0.0/test
2023-09-02 20:58:58 error: SQLITE_ERROR: no such table: issues
2023-09-02 21:44:01 info: file:///home/fidelio/Main/Projects/ToDo%20API/node_modules/validator
2023-09-02 21:44:01 info: file:///home/fidelio/Main/Projects/ToDo%20API/node_modules/express-validator
2023-09-02 21:44:01 info: file:///home/fidelio/Main/Projects/ToDo%20API/node_modules/fsevents
2023-09-02 21:44:01 info: file:///home/fidelio/Main/Projects/ToDo%20API/node_modules/.validator-eJLhHaom
2023-09-02 21:44:01 info: file:///home/fidelio/Main/Projects/ToDo%20API/node_modules/.express-validator-a0CC6jUJ
2023-09-02 21:44:01 error: SQLITE_ERROR: no such table: issues
2023-09-02 21:44:01 error: SQLITE_ERROR: no such table: issues
2023-09-02 21:44:01 error: SQLITE_ERROR: no such table: issues
2023-09-02 21:44:01 error: SQLITE_ERROR: no such table: issues
2023-09-02 21:44:01 error: SQLITE_ERROR: no such table: issues
2023-09-03 00:44:54 info: file:///home/fidelio/Main/Projects/ToDo%20API/src/v1.0.0/utility/_encryption/types.ts
2023-09-03 00:44:54 error: SQLITE_ERROR: no such table: issues
2023-09-03 00:45:43 info: file:///home/fidelio/Main/Projects/ToDo%20API/src/v1.0.0/utility/_encryption/statusCodes.ts
2023-09-03 00:45:43 error: SQLITE_ERROR: no such table: issues
2023-09-03 02:22:50 info: file:///home/fidelio/Main/Projects/ToDo%20API/.git/index.lock
2023-09-03 02:22:50 error: SQLITE_ERROR: no such table: issues
