2023-09-06 01:44:10.027 AM [info]: Authinticatio/Authorization Error: User Is Not Logged In
2023-09-06 01:44:10.028 AM [info]: Authinticatio/Authorization Error: User Is Not Logged In
2023-09-06 01:44:17.916 AM [info]: Authinticatio/Authorization Error: User Is Not Logged In
2023-09-06 01:44:17.916 AM [info]: Authinticatio/Authorization Error: User Is Not Logged In
2023-09-06 01:45:22.353 AM [info]: Authinticatio/Authorization Error: Access Denied
2023-09-06 01:45:22.367 AM [info]: Validation Error: Entity Not Found
2023-09-06 01:45:22.372 AM [info]: Validation Error: Invalid ID
2023-09-06 01:45:22.377 AM [info]: Validation Error: Invalid ID
2023-09-06 01:45:22.390 AM [info]: Validation Error: Invalid ID
2023-09-06 01:45:22.405 AM [info]: Authinticatio/Authorization Error: Access Denied
2023-09-06 01:45:22.416 AM [info]: Validation Error: Entity Not Found
2023-09-06 01:45:22.434 AM [info]: Validation Error: Entity Not Found
2023-09-06 01:45:22.421 AM [info]: Validation Error: Invalid ID
2023-09-06 01:45:22.425 AM [info]: Validation Error: Invalid ID
2023-09-06 01:45:22.447 AM [info]: Validation Error: Invalid ID
2023-09-06 01:45:22.440 AM [info]: Validation Error: Invalid ID
2023-09-06 01:45:22.444 AM [info]: Validation Error: Invalid ID
2023-09-06 01:45:22.453 AM [info]: Authinticatio/Authorization Error: Access Denied
2023-09-06 01:45:22.462 AM [info]: Validation Error: Entity Not Found
2023-09-06 01:45:22.466 AM [info]: Validation Error: Invalid ID
2023-09-06 01:45:22.470 AM [info]: Validation Error: Invalid ID
2023-09-06 01:45:22.480 AM [info]: Validation Error: Entity Not Found
2023-09-06 01:45:22.478 AM [info]: Authinticatio/Authorization Error: Access Denied
2023-09-06 01:45:22.484 AM [info]: Validation Error: Invalid ID
2023-09-06 01:45:22.487 AM [info]: Validation Error: Invalid ID
2023-09-06 01:45:22.497 AM [info]: Authinticatio/Authorization Error: Access Denied
2023-09-06 01:45:22.506 AM [info]: Validation Error: Entity Not Found
2023-09-06 01:45:22.510 AM [info]: Validation Error: Invalid ID
2023-09-06 01:45:22.519 AM [info]: Validation Error: Invalid ID
2023-09-06 01:45:22.528 AM [info]: Authinticatio/Authorization Error: Access Denied
2023-09-06 01:45:22.564 AM [info]: Authinticatio/Authorization Error: Access Denied
2023-09-06 01:45:22.582 AM [info]: Validation Error: Entity Not Found
2023-09-06 01:45:22.586 AM [info]: Validation Error: Invalid ID
2023-09-06 01:45:22.592 AM [info]: Validation Error: Invalid ID
2023-09-06 01:45:22.607 AM [info]: Validation Error: Invalid ID
2023-09-06 01:45:22.638 AM [info]: Validation Error: Entity Not Found
2023-09-06 01:45:22.641 AM [info]: Validation Error: Invalid ID
2023-09-06 01:45:22.644 AM [info]: Validation Error: Invalid ID
2023-09-06 01:45:22.651 AM [info]: Authinticatio/Authorization Error: Access Denied
2023-09-06 01:45:22.661 AM [info]: Validation Error: Entity Not Found
2023-09-06 01:45:22.662 AM [info]: Validation Error: The provided listID is not exists
2023-09-06 01:45:22.667 AM [info]: Validation Error: Invalid ID
2023-09-06 01:45:22.670 AM [info]: Validation Error: Invalid ID
2023-09-06 01:45:22.678 AM [info]: Authinticatio/Authorization Error: Access Denied
2023-09-06 01:45:22.685 AM [info]: Validation Error: The provided tagID is not exists
2023-09-06 01:45:22.713 AM [info]: Authinticatio/Authorization Error: Access Denied
2023-09-06 01:45:22.721 AM [info]: Validation Error: Entity Not Found
2023-09-06 01:45:22.726 AM [info]: Validation Error: Invalid ID
2023-09-06 01:45:22.729 AM [info]: Validation Error: Invalid ID
2023-09-06 01:45:22.775 AM [info]: Validation Error: Invalid ID
2023-09-06 01:45:22.797 AM [info]: Validation Error: Invalid ID
2023-09-06 01:45:22.803 AM [info]: Validation Error: Invalid ID
2023-09-06 01:45:22.853 AM [info]: Validation Error: Invalid ID
2023-09-06 01:45:22.856 AM [info]: Validation Error: Invalid ID
2023-09-06 01:45:22.879 AM [info]: Validation Error: Entity Not Found
2023-09-06 01:45:22.882 AM [info]: Validation Error: Invalid ID
2023-09-06 01:45:22.884 AM [info]: Validation Error: Invalid ID
2023-09-06 01:45:22.888 AM [info]: Authinticatio/Authorization Error: Access Denied
2023-09-06 01:45:22.915 AM [info]: Validation Error: Entity Not Found
2023-09-06 01:45:22.917 AM [info]: Validation Error: Invalid ID
2023-09-06 01:45:22.918 AM [info]: Validation Error: Invalid ID
2023-09-06 01:45:22.926 AM [info]: Authinticatio/Authorization Error: Access Denied
2023-09-06 01:45:22.931 AM [info]: Validation Error: Entity Not Found
2023-09-06 01:45:22.934 AM [info]: Validation Error: Invalid ID
2023-09-06 01:45:22.935 AM [info]: Validation Error: Invalid ID
2023-09-06 01:45:22.953 AM [info]: Authinticatio/Authorization Error: Access Denied
2023-09-06 01:45:23.483 AM [info]: Validation Error: Entity Not Found
2023-09-06 01:45:23.488 AM [info]: Validation Error: Invalid ID
2023-09-06 01:45:23.503 AM [info]: Validation Error: Entity Not Found
2023-09-06 01:45:23.525 AM [info]: Validation Error: Entity Not Found
2023-09-06 01:45:23.551 AM [info]: Validation Error: Entity Not Updated
2023-09-06 01:45:23.558 AM [info]: Validation Error: Invalid ID
2023-09-06 01:45:23.572 AM [info]: Validation Error: Entity Not Deleted
2023-09-06 01:45:23.576 AM [info]: Validation Error: Invalid ID
2023-09-06 01:46:02.623 AM [info]: Authinticatio/Authorization Error: Access Denied
2023-09-06 01:46:02.636 AM [info]: Validation Error: Entity Not Found
2023-09-06 01:46:02.639 AM [info]: Validation Error: Invalid ID
2023-09-06 01:46:02.642 AM [info]: Validation Error: Invalid ID
2023-09-06 01:46:02.654 AM [info]: Validation Error: Invalid ID
2023-09-06 01:46:02.681 AM [info]: Validation Error: Entity Not Found
2023-09-06 01:46:02.694 AM [info]: Validation Error: Invalid ID
2023-09-06 01:46:02.698 AM [info]: Validation Error: Invalid ID
2023-09-06 01:46:02.706 AM [info]: Authinticatio/Authorization Error: Access Denied
2023-09-06 01:46:02.719 AM [info]: Validation Error: Entity Not Found
2023-09-06 01:46:02.723 AM [info]: Validation Error: Invalid ID
2023-09-06 01:46:02.726 AM [info]: Validation Error: Invalid ID
2023-09-06 01:46:02.732 AM [info]: Authinticatio/Authorization Error: Access Denied
2023-09-06 01:46:02.743 AM [info]: Authinticatio/Authorization Error: Access Denied
2023-09-06 01:46:02.754 AM [info]: Validation Error: Entity Not Found
2023-09-06 01:46:02.759 AM [info]: Validation Error: Invalid ID
2023-09-06 01:46:02.763 AM [info]: Validation Error: Invalid ID
2023-09-06 01:46:02.776 AM [info]: Validation Error: Invalid ID
2023-09-06 01:46:02.810 AM [info]: Validation Error: Entity Not Found
2023-09-06 01:46:02.815 AM [info]: Validation Error: Invalid ID
2023-09-06 01:46:02.819 AM [info]: Validation Error: Invalid ID
2023-09-06 01:46:02.829 AM [info]: Authinticatio/Authorization Error: Access Denied
2023-09-06 01:46:02.879 AM [info]: Validation Error: Entity Not Found
2023-09-06 01:46:02.882 AM [info]: Validation Error: Invalid ID
2023-09-06 01:46:02.886 AM [info]: Validation Error: Invalid ID
2023-09-06 01:46:02.897 AM [info]: Authinticatio/Authorization Error: Access Denied
2023-09-06 01:46:02.942 AM [info]: Authinticatio/Authorization Error: Access Denied
2023-09-06 01:46:02.954 AM [info]: Validation Error: Entity Not Found
2023-09-06 01:46:02.966 AM [info]: Validation Error: Invalid ID
2023-09-06 01:46:02.977 AM [info]: Validation Error: Invalid ID
2023-09-06 01:46:03.006 AM [info]: Validation Error: Invalid ID
2023-09-06 01:46:03.051 AM [info]: Validation Error: Entity Not Found
2023-09-06 01:46:03.057 AM [info]: Validation Error: Invalid ID
2023-09-06 01:46:03.060 AM [info]: Validation Error: Invalid ID
2023-09-06 01:46:03.088 AM [info]: Authinticatio/Authorization Error: Access Denied
2023-09-06 01:46:03.097 AM [info]: Validation Error: Entity Not Found
2023-09-06 01:46:03.108 AM [info]: Validation Error: Invalid ID
2023-09-06 01:46:03.111 AM [info]: Validation Error: Invalid ID
2023-09-06 01:46:03.127 AM [info]: Authinticatio/Authorization Error: Access Denied
2023-09-06 01:46:03.245 AM [info]: Validation Error: The provided listID is not exists
2023-09-06 01:46:03.262 AM [info]: Validation Error: The provided tagID is not exists
2023-09-06 01:46:03.294 AM [info]: Authinticatio/Authorization Error: Access Denied
2023-09-06 01:46:03.303 AM [info]: Validation Error: Entity Not Found
2023-09-06 01:46:03.305 AM [info]: Validation Error: Invalid ID
2023-09-06 01:46:03.307 AM [info]: Validation Error: Invalid ID
2023-09-06 01:46:03.345 AM [info]: Validation Error: Invalid ID
2023-09-06 01:46:03.359 AM [info]: Validation Error: Invalid ID
2023-09-06 01:46:03.362 AM [info]: Validation Error: Invalid ID
2023-09-06 01:46:03.405 AM [info]: Validation Error: Invalid ID
2023-09-06 01:46:03.408 AM [info]: Validation Error: Invalid ID
2023-09-06 01:46:03.429 AM [info]: Validation Error: Entity Not Found
2023-09-06 01:46:03.431 AM [info]: Validation Error: Invalid ID
2023-09-06 01:46:03.433 AM [info]: Validation Error: Invalid ID
2023-09-06 01:46:03.439 AM [info]: Authinticatio/Authorization Error: Access Denied
2023-09-06 01:46:03.460 AM [info]: Validation Error: Entity Not Found
2023-09-06 01:46:03.462 AM [info]: Validation Error: Invalid ID
2023-09-06 01:46:03.464 AM [info]: Validation Error: Invalid ID
2023-09-06 01:46:03.470 AM [info]: Authinticatio/Authorization Error: Access Denied
2023-09-06 01:46:03.475 AM [info]: Validation Error: Entity Not Found
2023-09-06 01:46:03.479 AM [info]: Validation Error: Invalid ID
2023-09-06 01:46:03.481 AM [info]: Validation Error: Invalid ID
2023-09-06 01:46:03.490 AM [info]: Authinticatio/Authorization Error: Access Denied
2023-09-06 01:46:03.874 AM [info]: Validation Error: Entity Not Found
2023-09-06 01:46:03.877 AM [info]: Validation Error: Invalid ID
2023-09-06 01:46:03.886 AM [info]: Validation Error: Entity Not Found
2023-09-06 01:46:03.897 AM [info]: Validation Error: Entity Not Found
2023-09-06 01:46:03.913 AM [info]: Validation Error: Entity Not Updated
2023-09-06 01:46:03.916 AM [info]: Validation Error: Invalid ID
2023-09-06 01:46:03.926 AM [info]: Validation Error: Entity Not Deleted
2023-09-06 01:46:03.928 AM [info]: Validation Error: Invalid ID
2023-09-06 01:47:15.382 AM [info]: Authinticatio/Authorization Error: Access Denied
2023-09-06 01:47:15.395 AM [info]: Validation Error: Entity Not Found
2023-09-06 01:47:15.400 AM [info]: Validation Error: Invalid ID
2023-09-06 01:47:15.404 AM [info]: Validation Error: Invalid ID
2023-09-06 01:47:15.419 AM [info]: Validation Error: Invalid ID
2023-09-06 01:47:15.447 AM [info]: Validation Error: Entity Not Found
2023-09-06 01:47:15.450 AM [info]: Validation Error: Invalid ID
2023-09-06 01:47:15.453 AM [info]: Validation Error: Invalid ID
2023-09-06 01:47:15.463 AM [info]: Authinticatio/Authorization Error: Access Denied
2023-09-06 01:47:15.471 AM [info]: Validation Error: Entity Not Found
2023-09-06 01:47:15.474 AM [info]: Validation Error: Invalid ID
2023-09-06 01:47:15.477 AM [info]: Validation Error: Invalid ID
2023-09-06 01:47:15.483 AM [info]: Authinticatio/Authorization Error: Access Denied
2023-09-06 01:47:15.582 AM [info]: Authinticatio/Authorization Error: Access Denied
2023-09-06 01:47:15.595 AM [info]: Validation Error: Entity Not Found
2023-09-06 01:47:15.598 AM [info]: Validation Error: Invalid ID
2023-09-06 01:47:15.602 AM [info]: Validation Error: Invalid ID
2023-09-06 01:47:15.612 AM [info]: Authinticatio/Authorization Error: Access Denied
2023-09-06 01:47:15.614 AM [info]: Validation Error: Invalid ID
2023-09-06 01:47:15.623 AM [info]: Validation Error: Entity Not Found
2023-09-06 01:47:15.629 AM [info]: Validation Error: Invalid ID
2023-09-06 01:47:15.634 AM [info]: Validation Error: Invalid ID
2023-09-06 01:47:15.650 AM [info]: Validation Error: Entity Not Found
2023-09-06 01:47:15.650 AM [info]: Validation Error: Invalid ID
2023-09-06 01:47:15.653 AM [info]: Validation Error: Invalid ID
2023-09-06 01:47:15.655 AM [info]: Validation Error: Invalid ID
2023-09-06 01:47:15.664 AM [info]: Authinticatio/Authorization Error: Access Denied
2023-09-06 01:47:15.672 AM [info]: Validation Error: Entity Not Found
2023-09-06 01:47:15.677 AM [info]: Validation Error: Entity Not Found
2023-09-06 01:47:15.677 AM [info]: Validation Error: Invalid ID
2023-09-06 01:47:15.680 AM [info]: Validation Error: Invalid ID
2023-09-06 01:47:15.686 AM [info]: Authinticatio/Authorization Error: Access Denied
2023-09-06 01:47:15.681 AM [info]: Validation Error: Invalid ID
2023-09-06 01:47:15.683 AM [info]: Validation Error: Invalid ID
2023-09-06 01:47:15.711 AM [info]: Authinticatio/Authorization Error: Access Denied
2023-09-06 01:47:15.716 AM [info]: Validation Error: The provided listID is not exists
2023-09-06 01:47:15.718 AM [info]: Validation Error: Entity Not Found
2023-09-06 01:47:15.722 AM [info]: Validation Error: Invalid ID
2023-09-06 01:47:15.729 AM [info]: Validation Error: Invalid ID
2023-09-06 01:47:15.735 AM [info]: Authinticatio/Authorization Error: Access Denied
2023-09-06 01:47:15.765 AM [info]: Validation Error: The provided tagID is not exists
2023-09-06 01:47:15.820 AM [info]: Authinticatio/Authorization Error: Access Denied
2023-09-06 01:47:15.830 AM [info]: Validation Error: Entity Not Found
2023-09-06 01:47:15.834 AM [info]: Validation Error: Invalid ID
2023-09-06 01:47:15.846 AM [info]: Validation Error: Invalid ID
2023-09-06 01:47:15.932 AM [info]: Validation Error: Invalid ID
2023-09-06 01:47:15.963 AM [info]: Validation Error: Invalid ID
2023-09-06 01:47:15.967 AM [info]: Validation Error: Invalid ID
2023-09-06 01:47:16.059 AM [info]: Validation Error: Invalid ID
2023-09-06 01:47:16.063 AM [info]: Validation Error: Invalid ID
2023-09-06 01:47:16.107 AM [info]: Validation Error: Entity Not Found
2023-09-06 01:47:16.111 AM [info]: Validation Error: Invalid ID
2023-09-06 01:47:16.114 AM [info]: Validation Error: Invalid ID
2023-09-06 01:47:16.132 AM [info]: Authinticatio/Authorization Error: Access Denied
2023-09-06 01:47:16.185 AM [info]: Validation Error: Entity Not Found
2023-09-06 01:47:16.188 AM [info]: Validation Error: Invalid ID
2023-09-06 01:47:16.198 AM [info]: Validation Error: Invalid ID
2023-09-06 01:47:16.205 AM [info]: Authinticatio/Authorization Error: Access Denied
2023-09-06 01:47:16.214 AM [info]: Validation Error: Entity Not Found
2023-09-06 01:47:16.222 AM [info]: Validation Error: Invalid ID
2023-09-06 01:47:16.226 AM [info]: Validation Error: Invalid ID
2023-09-06 01:47:16.232 AM [info]: Authinticatio/Authorization Error: Access Denied
2023-09-06 01:47:17.291 AM [info]: Validation Error: Entity Not Found
2023-09-06 01:47:17.297 AM [info]: Validation Error: Invalid ID
2023-09-06 01:47:17.312 AM [info]: Validation Error: Entity Not Found
2023-09-06 01:47:17.330 AM [info]: Validation Error: Entity Not Found
2023-09-06 01:47:17.350 AM [info]: Validation Error: Entity Not Updated
2023-09-06 01:47:17.352 AM [info]: Validation Error: Invalid ID
2023-09-06 01:47:17.362 AM [info]: Validation Error: Entity Not Deleted
2023-09-06 01:47:17.364 AM [info]: Validation Error: Invalid ID
2023-09-06 01:47:33.644 AM [info]: Authinticatio/Authorization Error: Access Denied
2023-09-06 01:47:33.664 AM [info]: Validation Error: Entity Not Found
2023-09-06 01:47:33.668 AM [info]: Validation Error: Invalid ID
2023-09-06 01:47:33.672 AM [info]: Validation Error: Invalid ID
2023-09-06 01:47:33.688 AM [info]: Validation Error: Invalid ID
2023-09-06 01:47:33.731 AM [info]: Validation Error: Entity Not Found
2023-09-06 01:47:33.746 AM [info]: Validation Error: Invalid ID
2023-09-06 01:47:33.749 AM [info]: Validation Error: Invalid ID
2023-09-06 01:47:33.768 AM [info]: Authinticatio/Authorization Error: Access Denied
2023-09-06 01:47:33.780 AM [info]: Validation Error: Entity Not Found
2023-09-06 01:47:33.784 AM [info]: Validation Error: Invalid ID
2023-09-06 01:47:33.787 AM [info]: Validation Error: Invalid ID
2023-09-06 01:47:33.827 AM [info]: Authinticatio/Authorization Error: Access Denied
2023-09-06 01:47:34.066 AM [info]: Validation Error: The provided listID is not exists
2023-09-06 01:47:34.098 AM [info]: Validation Error: The provided tagID is not exists
2023-09-06 01:47:34.139 AM [info]: Authinticatio/Authorization Error: Access Denied
2023-09-06 01:47:34.147 AM [info]: Validation Error: Entity Not Found
2023-09-06 01:47:34.150 AM [info]: Validation Error: Invalid ID
2023-09-06 01:47:34.157 AM [info]: Validation Error: Invalid ID
2023-09-06 01:47:34.276 AM [info]: Validation Error: Invalid ID
2023-09-06 01:47:34.324 AM [info]: Validation Error: Invalid ID
2023-09-06 01:47:34.328 AM [info]: Validation Error: Invalid ID
2023-09-06 01:47:34.410 AM [info]: Authinticatio/Authorization Error: Access Denied
2023-09-06 01:47:34.411 AM [info]: Authinticatio/Authorization Error: Access Denied
2023-09-06 01:47:34.424 AM [info]: Validation Error: Entity Not Found
2023-09-06 01:47:34.430 AM [info]: Validation Error: Invalid ID
2023-09-06 01:47:34.433 AM [info]: Validation Error: Invalid ID
2023-09-06 01:47:34.428 AM [info]: Validation Error: Invalid ID
2023-09-06 01:47:34.432 AM [info]: Validation Error: Invalid ID
2023-09-06 01:47:34.446 AM [info]: Validation Error: Invalid ID
2023-09-06 01:47:34.428 AM [info]: Validation Error: Entity Not Found
2023-09-06 01:47:34.434 AM [info]: Validation Error: Invalid ID
2023-09-06 01:47:34.445 AM [info]: Validation Error: Invalid ID
2023-09-06 01:47:34.469 AM [info]: Validation Error: Entity Not Found
2023-09-06 01:47:34.485 AM [info]: Validation Error: Entity Not Found
2023-09-06 01:47:34.475 AM [info]: Validation Error: Invalid ID
2023-09-06 01:47:34.478 AM [info]: Validation Error: Invalid ID
2023-09-06 01:47:34.485 AM [info]: Authinticatio/Authorization Error: Access Denied
2023-09-06 01:47:34.470 AM [info]: Validation Error: Invalid ID
2023-09-06 01:47:34.515 AM [info]: Validation Error: Entity Not Found
2023-09-06 01:47:34.498 AM [info]: Validation Error: Invalid ID
2023-09-06 01:47:34.503 AM [info]: Validation Error: Invalid ID
2023-09-06 01:47:34.513 AM [info]: Authinticatio/Authorization Error: Access Denied
2023-09-06 01:47:34.543 AM [info]: Validation Error: Entity Not Found
2023-09-06 01:47:34.523 AM [info]: Validation Error: Invalid ID
2023-09-06 01:47:34.526 AM [info]: Validation Error: Invalid ID
2023-09-06 01:47:34.541 AM [info]: Authinticatio/Authorization Error: Access Denied
2023-09-06 01:47:34.546 AM [info]: Validation Error: Invalid ID
2023-09-06 01:47:34.549 AM [info]: Validation Error: Invalid ID
2023-09-06 01:47:34.568 AM [info]: Authinticatio/Authorization Error: Access Denied
2023-09-06 01:47:34.559 AM [info]: Validation Error: Entity Not Found
2023-09-06 01:47:34.569 AM [info]: Validation Error: Invalid ID
2023-09-06 01:47:34.574 AM [info]: Validation Error: Invalid ID
2023-09-06 01:47:34.584 AM [info]: Validation Error: Entity Not Found
2023-09-06 01:47:34.567 AM [info]: Validation Error: Entity Not Found
2023-09-06 01:47:34.571 AM [info]: Validation Error: Invalid ID
2023-09-06 01:47:34.575 AM [info]: Validation Error: Invalid ID
2023-09-06 01:47:34.591 AM [info]: Authinticatio/Authorization Error: Access Denied
2023-09-06 01:47:34.587 AM [info]: Authinticatio/Authorization Error: Access Denied
2023-09-06 01:47:34.591 AM [info]: Validation Error: Invalid ID
2023-09-06 01:47:34.599 AM [info]: Validation Error: Invalid ID
2023-09-06 01:47:34.606 AM [info]: Authinticatio/Authorization Error: Access Denied
2023-09-06 01:47:35.604 AM [info]: Validation Error: Entity Not Found
2023-09-06 01:47:35.612 AM [info]: Validation Error: Invalid ID
2023-09-06 01:47:35.651 AM [info]: Validation Error: Entity Not Found
2023-09-06 01:47:35.672 AM [info]: Validation Error: Entity Not Found
2023-09-06 01:47:35.702 AM [info]: Validation Error: Entity Not Updated
2023-09-06 01:47:35.707 AM [info]: Validation Error: Invalid ID
2023-09-06 01:47:35.723 AM [info]: Validation Error: Entity Not Deleted
2023-09-06 01:47:35.726 AM [info]: Validation Error: Invalid ID
2023-09-06 01:48:02.074 AM [info]: Authinticatio/Authorization Error: Access Denied
2023-09-06 01:48:02.091 AM [info]: Validation Error: Entity Not Found
2023-09-06 01:48:02.094 AM [info]: Validation Error: Invalid ID
2023-09-06 01:48:02.098 AM [info]: Validation Error: Invalid ID
2023-09-06 01:48:02.115 AM [info]: Validation Error: Invalid ID
2023-09-06 01:48:02.178 AM [info]: Validation Error: Entity Not Found
2023-09-06 01:48:02.177 AM [info]: Authinticatio/Authorization Error: Access Denied
2023-09-06 01:48:02.202 AM [info]: Validation Error: Entity Not Found
2023-09-06 01:48:02.182 AM [info]: Validation Error: Invalid ID
2023-09-06 01:48:02.185 AM [info]: Validation Error: Invalid ID
2023-09-06 01:48:02.200 AM [info]: Authinticatio/Authorization Error: Access Denied
2023-09-06 01:48:02.206 AM [info]: Validation Error: Invalid ID
2023-09-06 01:48:02.212 AM [info]: Validation Error: Invalid ID
2023-09-06 01:48:02.210 AM [info]: Validation Error: Entity Not Found
2023-09-06 01:48:02.214 AM [info]: Validation Error: Invalid ID
2023-09-06 01:48:02.219 AM [info]: Validation Error: Invalid ID
2023-09-06 01:48:02.223 AM [info]: Authinticatio/Authorization Error: Access Denied
2023-09-06 01:48:02.227 AM [info]: Authinticatio/Authorization Error: Access Denied
2023-09-06 01:48:02.238 AM [info]: Validation Error: Entity Not Found
2023-09-06 01:48:02.229 AM [info]: Validation Error: Invalid ID
2023-09-06 01:48:02.242 AM [info]: Validation Error: Invalid ID
2023-09-06 01:48:02.246 AM [info]: Validation Error: Invalid ID
2023-09-06 01:48:02.266 AM [info]: Validation Error: Invalid ID
2023-09-06 01:48:02.298 AM [info]: Validation Error: Entity Not Found
2023-09-06 01:48:02.302 AM [info]: Validation Error: Invalid ID
2023-09-06 01:48:02.306 AM [info]: Validation Error: Invalid ID
2023-09-06 01:48:02.313 AM [info]: Authinticatio/Authorization Error: Access Denied
2023-09-06 01:48:02.262 AM [info]: Validation Error: Entity Not Found
2023-09-06 01:48:02.266 AM [info]: Validation Error: Invalid ID
2023-09-06 01:48:02.270 AM [info]: Validation Error: Invalid ID
2023-09-06 01:48:02.277 AM [info]: Authinticatio/Authorization Error: Access Denied
2023-09-06 01:48:02.289 AM [info]: Validation Error: Entity Not Found
2023-09-06 01:48:02.293 AM [info]: Validation Error: Invalid ID
2023-09-06 01:48:02.295 AM [info]: Validation Error: Invalid ID
2023-09-06 01:48:02.323 AM [info]: Validation Error: Entity Not Found
2023-09-06 01:48:02.327 AM [info]: Validation Error: Invalid ID
2023-09-06 01:48:02.331 AM [info]: Validation Error: Invalid ID
2023-09-06 01:48:02.339 AM [info]: Authinticatio/Authorization Error: Access Denied
2023-09-06 01:48:02.338 AM [info]: Authinticatio/Authorization Error: Access Denied
2023-09-06 01:48:02.440 AM [info]: Validation Error: The provided listID is not exists
2023-09-06 01:48:02.473 AM [info]: Validation Error: The provided tagID is not exists
2023-09-06 01:48:02.541 AM [info]: Authinticatio/Authorization Error: Access Denied
2023-09-06 01:48:02.554 AM [info]: Validation Error: Entity Not Found
2023-09-06 01:48:02.558 AM [info]: Validation Error: Invalid ID
2023-09-06 01:48:02.562 AM [info]: Validation Error: Invalid ID
2023-09-06 01:48:02.659 AM [info]: Validation Error: Invalid ID
2023-09-06 01:48:02.678 AM [info]: Validation Error: Invalid ID
2023-09-06 01:48:02.681 AM [info]: Validation Error: Invalid ID
2023-09-06 01:48:02.743 AM [info]: Validation Error: Invalid ID
2023-09-06 01:48:02.748 AM [info]: Validation Error: Invalid ID
2023-09-06 01:48:02.777 AM [info]: Validation Error: Entity Not Found
2023-09-06 01:48:02.782 AM [info]: Validation Error: Invalid ID
2023-09-06 01:48:02.786 AM [info]: Validation Error: Invalid ID
2023-09-06 01:48:02.793 AM [info]: Authinticatio/Authorization Error: Access Denied
2023-09-06 01:48:02.828 AM [info]: Validation Error: Entity Not Found
2023-09-06 01:48:02.830 AM [info]: Validation Error: Invalid ID
2023-09-06 01:48:02.833 AM [info]: Validation Error: Invalid ID
2023-09-06 01:48:02.839 AM [info]: Authinticatio/Authorization Error: Access Denied
2023-09-06 01:48:02.848 AM [info]: Validation Error: Entity Not Found
2023-09-06 01:48:02.851 AM [info]: Validation Error: Invalid ID
2023-09-06 01:48:02.853 AM [info]: Validation Error: Invalid ID
2023-09-06 01:48:02.858 AM [info]: Authinticatio/Authorization Error: Access Denied
2023-09-06 01:48:04.115 AM [info]: Validation Error: Entity Not Found
2023-09-06 01:48:04.124 AM [info]: Validation Error: Invalid ID
2023-09-06 01:48:04.165 AM [info]: Validation Error: Entity Not Found
2023-09-06 01:48:04.207 AM [info]: Validation Error: Entity Not Found
2023-09-06 01:48:04.254 AM [info]: Validation Error: Entity Not Updated
2023-09-06 01:48:04.258 AM [info]: Validation Error: Invalid ID
2023-09-06 01:48:04.290 AM [info]: Validation Error: Entity Not Deleted
2023-09-06 01:48:04.293 AM [info]: Validation Error: Invalid ID
2023-09-06 01:48:21.293 AM [info]: Authinticatio/Authorization Error: Access Denied
2023-09-06 01:48:21.306 AM [info]: Validation Error: Entity Not Found
2023-09-06 01:48:21.310 AM [info]: Validation Error: Invalid ID
2023-09-06 01:48:21.315 AM [info]: Validation Error: Invalid ID
2023-09-06 01:48:21.330 AM [info]: Validation Error: Invalid ID
2023-09-06 01:48:21.362 AM [info]: Validation Error: Entity Not Found
2023-09-06 01:48:21.366 AM [info]: Validation Error: Invalid ID
2023-09-06 01:48:21.369 AM [info]: Validation Error: Invalid ID
2023-09-06 01:48:21.376 AM [info]: Authinticatio/Authorization Error: Access Denied
2023-09-06 01:48:21.380 AM [info]: Authinticatio/Authorization Error: Access Denied
2023-09-06 01:48:21.389 AM [info]: Validation Error: Entity Not Found
2023-09-06 01:48:21.392 AM [info]: Validation Error: Entity Not Found
2023-09-06 01:48:21.392 AM [info]: Validation Error: Invalid ID
2023-09-06 01:48:21.395 AM [info]: Validation Error: Invalid ID
2023-09-06 01:48:21.404 AM [info]: Authinticatio/Authorization Error: Access Denied
2023-09-06 01:48:21.397 AM [info]: Validation Error: Invalid ID
2023-09-06 01:48:21.401 AM [info]: Validation Error: Invalid ID
2023-09-06 01:48:21.419 AM [info]: Validation Error: Invalid ID
2023-09-06 01:48:21.442 AM [info]: Authinticatio/Authorization Error: Access Denied
2023-09-06 01:48:21.445 AM [info]: Validation Error: Entity Not Found
2023-09-06 01:48:21.453 AM [info]: Validation Error: Entity Not Found
2023-09-06 01:48:21.449 AM [info]: Validation Error: Invalid ID
2023-09-06 01:48:21.452 AM [info]: Validation Error: Invalid ID
2023-09-06 01:48:21.467 AM [info]: Authinticatio/Authorization Error: Access Denied
2023-09-06 01:48:21.457 AM [info]: Validation Error: Invalid ID
2023-09-06 01:48:21.461 AM [info]: Validation Error: Invalid ID
2023-09-06 01:48:21.474 AM [info]: Validation Error: Entity Not Found
2023-09-06 01:48:21.477 AM [info]: Validation Error: Invalid ID
2023-09-06 01:48:21.477 AM [info]: Validation Error: Invalid ID
2023-09-06 01:48:21.481 AM [info]: Validation Error: Invalid ID
2023-09-06 01:48:21.490 AM [info]: Authinticatio/Authorization Error: Access Denied
2023-09-06 01:48:21.509 AM [info]: Validation Error: Entity Not Found
2023-09-06 01:48:21.512 AM [info]: Validation Error: Invalid ID
2023-09-06 01:48:21.515 AM [info]: Validation Error: Invalid ID
2023-09-06 01:48:21.523 AM [info]: Authinticatio/Authorization Error: Access Denied
2023-09-06 01:48:21.531 AM [info]: Validation Error: Entity Not Found
2023-09-06 01:48:21.534 AM [info]: Validation Error: Invalid ID
2023-09-06 01:48:21.537 AM [info]: Validation Error: Invalid ID
2023-09-06 01:48:21.544 AM [info]: Authinticatio/Authorization Error: Access Denied
2023-09-06 01:48:21.586 AM [info]: Validation Error: The provided listID is not exists
2023-09-06 01:48:21.602 AM [info]: Validation Error: The provided tagID is not exists
2023-09-06 01:48:21.632 AM [info]: Authinticatio/Authorization Error: Access Denied
2023-09-06 01:48:21.637 AM [info]: Validation Error: Entity Not Found
2023-09-06 01:48:21.640 AM [info]: Validation Error: Invalid ID
2023-09-06 01:48:21.642 AM [info]: Validation Error: Invalid ID
2023-09-06 01:48:21.689 AM [info]: Validation Error: Invalid ID
2023-09-06 01:48:21.699 AM [info]: Validation Error: Invalid ID
2023-09-06 01:48:21.702 AM [info]: Validation Error: Invalid ID
2023-09-06 01:48:21.734 AM [info]: Validation Error: Invalid ID
2023-09-06 01:48:21.737 AM [info]: Validation Error: Invalid ID
2023-09-06 01:48:21.755 AM [info]: Validation Error: Entity Not Found
2023-09-06 01:48:21.759 AM [info]: Validation Error: Invalid ID
2023-09-06 01:48:21.760 AM [info]: Validation Error: Invalid ID
2023-09-06 01:48:21.765 AM [info]: Authinticatio/Authorization Error: Access Denied
2023-09-06 01:48:21.788 AM [info]: Validation Error: Entity Not Found
2023-09-06 01:48:21.790 AM [info]: Validation Error: Invalid ID
2023-09-06 01:48:21.791 AM [info]: Validation Error: Invalid ID
2023-09-06 01:48:21.795 AM [info]: Authinticatio/Authorization Error: Access Denied
2023-09-06 01:48:21.802 AM [info]: Validation Error: Entity Not Found
2023-09-06 01:48:21.805 AM [info]: Validation Error: Invalid ID
2023-09-06 01:48:21.806 AM [info]: Validation Error: Invalid ID
2023-09-06 01:48:21.811 AM [info]: Authinticatio/Authorization Error: Access Denied
2023-09-06 01:48:22.285 AM [info]: Validation Error: Entity Not Found
2023-09-06 01:48:22.288 AM [info]: Validation Error: Invalid ID
2023-09-06 01:48:22.296 AM [info]: Validation Error: Entity Not Found
2023-09-06 01:48:22.305 AM [info]: Validation Error: Entity Not Found
2023-09-06 01:48:22.318 AM [info]: Validation Error: Entity Not Updated
2023-09-06 01:48:22.320 AM [info]: Validation Error: Invalid ID
2023-09-06 01:48:22.327 AM [info]: Validation Error: Entity Not Deleted
2023-09-06 01:48:22.329 AM [info]: Validation Error: Invalid ID
2023-09-06 01:48:50.733 AM [info]: Authinticatio/Authorization Error: Access Denied
2023-09-06 01:48:50.742 AM [info]: Validation Error: Entity Not Found
2023-09-06 01:48:50.748 AM [info]: Validation Error: Invalid ID
2023-09-06 01:48:50.752 AM [info]: Validation Error: Invalid ID
2023-09-06 01:48:50.759 AM [info]: Validation Error: The provided listID is not exists
2023-09-06 01:48:50.785 AM [info]: Validation Error: The provided tagID is not exists
2023-09-06 01:48:50.769 AM [info]: Validation Error: Invalid ID
2023-09-06 01:48:50.800 AM [info]: Validation Error: Entity Not Found
2023-09-06 01:48:50.804 AM [info]: Validation Error: Invalid ID
2023-09-06 01:48:50.807 AM [info]: Validation Error: Invalid ID
2023-09-06 01:48:50.820 AM [info]: Authinticatio/Authorization Error: Access Denied
2023-09-06 01:48:50.831 AM [info]: Authinticatio/Authorization Error: Access Denied
2023-09-06 01:48:50.839 AM [info]: Validation Error: Entity Not Found
2023-09-06 01:48:50.839 AM [info]: Authinticatio/Authorization Error: Access Denied
2023-09-06 01:48:50.835 AM [info]: Validation Error: Entity Not Found
2023-09-06 01:48:50.838 AM [info]: Validation Error: Invalid ID
2023-09-06 01:48:50.847 AM [info]: Validation Error: Invalid ID
2023-09-06 01:48:50.852 AM [info]: Validation Error: Entity Not Found
2023-09-06 01:48:50.853 AM [info]: Authinticatio/Authorization Error: Access Denied
2023-09-06 01:48:50.848 AM [info]: Validation Error: Invalid ID
2023-09-06 01:48:50.852 AM [info]: Validation Error: Invalid ID
2023-09-06 01:48:50.857 AM [info]: Validation Error: Invalid ID
2023-09-06 01:48:50.869 AM [info]: Validation Error: Invalid ID
2023-09-06 01:48:50.886 AM [info]: Validation Error: Invalid ID
2023-09-06 01:48:50.925 AM [info]: Validation Error: Entity Not Found
2023-09-06 01:48:50.934 AM [info]: Validation Error: Invalid ID
2023-09-06 01:48:50.932 AM [info]: Validation Error: Invalid ID
2023-09-06 01:48:50.939 AM [info]: Validation Error: Invalid ID
2023-09-06 01:48:50.947 AM [info]: Authinticatio/Authorization Error: Access Denied
2023-09-06 01:48:50.959 AM [info]: Validation Error: Entity Not Found
2023-09-06 01:48:50.963 AM [info]: Validation Error: Invalid ID
2023-09-06 01:48:50.962 AM [info]: Validation Error: Invalid ID
2023-09-06 01:48:50.973 AM [info]: Validation Error: Invalid ID
2023-09-06 01:48:50.988 AM [info]: Authinticatio/Authorization Error: Access Denied
2023-09-06 01:48:50.966 AM [info]: Validation Error: Invalid ID
2023-09-06 01:48:51.024 AM [info]: Authinticatio/Authorization Error: Access Denied
2023-09-06 01:48:51.040 AM [info]: Validation Error: Invalid ID
2023-09-06 01:48:51.040 AM [info]: Validation Error: Entity Not Found
2023-09-06 01:48:51.043 AM [info]: Validation Error: Invalid ID
2023-09-06 01:48:51.048 AM [info]: Validation Error: Invalid ID
2023-09-06 01:48:51.056 AM [info]: Validation Error: Invalid ID
2023-09-06 01:48:51.070 AM [info]: Validation Error: Entity Not Found
2023-09-06 01:48:51.070 AM [info]: Validation Error: Invalid ID
2023-09-06 01:48:51.074 AM [info]: Validation Error: Invalid ID
2023-09-06 01:48:51.078 AM [info]: Validation Error: Invalid ID
2023-09-06 01:48:51.085 AM [info]: Authinticatio/Authorization Error: Access Denied
2023-09-06 01:48:51.099 AM [info]: Validation Error: Entity Not Found
2023-09-06 01:48:51.102 AM [info]: Validation Error: Invalid ID
2023-09-06 01:48:51.105 AM [info]: Validation Error: Invalid ID
2023-09-06 01:48:51.111 AM [info]: Validation Error: Entity Not Found
2023-09-06 01:48:51.114 AM [info]: Validation Error: Invalid ID
2023-09-06 01:48:51.116 AM [info]: Validation Error: Invalid ID
2023-09-06 01:48:51.121 AM [info]: Authinticatio/Authorization Error: Access Denied
2023-09-06 01:48:51.122 AM [info]: Authinticatio/Authorization Error: Access Denied
2023-09-06 01:48:51.129 AM [info]: Validation Error: Entity Not Found
2023-09-06 01:48:51.129 AM [info]: Validation Error: Entity Not Found
2023-09-06 01:48:51.131 AM [info]: Validation Error: Invalid ID
2023-09-06 01:48:51.132 AM [info]: Validation Error: Invalid ID
2023-09-06 01:48:51.132 AM [info]: Validation Error: Invalid ID
2023-09-06 01:48:51.133 AM [info]: Validation Error: Invalid ID
2023-09-06 01:48:51.143 AM [info]: Authinticatio/Authorization Error: Access Denied
2023-09-06 01:48:51.139 AM [info]: Authinticatio/Authorization Error: Access Denied
2023-09-06 01:48:51.768 AM [info]: Validation Error: Entity Not Found
2023-09-06 01:48:51.773 AM [info]: Validation Error: Invalid ID
2023-09-06 01:48:51.795 AM [info]: Validation Error: Entity Not Found
2023-09-06 01:48:51.807 AM [info]: Validation Error: Entity Not Found
2023-09-06 01:48:51.822 AM [info]: Validation Error: Entity Not Updated
2023-09-06 01:48:51.825 AM [info]: Validation Error: Invalid ID
2023-09-06 01:48:51.833 AM [info]: Validation Error: Entity Not Deleted
2023-09-06 01:48:51.836 AM [info]: Validation Error: Invalid ID
2023-09-06 01:52:36.157 AM [info]: Authinticatio/Authorization Error: Access Denied
2023-09-06 01:52:36.158 AM [info]: Validation Error: The provided listID is not exists
2023-09-06 01:52:36.168 AM [info]: Validation Error: Entity Not Found
2023-09-06 01:52:36.173 AM [info]: Validation Error: Invalid ID
2023-09-06 01:52:36.179 AM [info]: Validation Error: Invalid ID
2023-09-06 01:52:36.191 AM [info]: Validation Error: The provided tagID is not exists
2023-09-06 01:52:36.191 AM [info]: Validation Error: Invalid ID
2023-09-06 01:52:36.215 AM [info]: Validation Error: Entity Not Found
2023-09-06 01:52:36.219 AM [info]: Authinticatio/Authorization Error: Access Denied
2023-09-06 01:52:36.219 AM [info]: Validation Error: Invalid ID
2023-09-06 01:52:36.221 AM [info]: Validation Error: Invalid ID
2023-09-06 01:52:36.226 AM [info]: Authinticatio/Authorization Error: Access Denied
2023-09-06 01:52:36.234 AM [info]: Validation Error: Entity Not Found
2023-09-06 01:52:36.227 AM [info]: Validation Error: Entity Not Found
2023-09-06 01:52:36.231 AM [info]: Validation Error: Invalid ID
2023-09-06 01:52:36.235 AM [info]: Validation Error: Invalid ID
2023-09-06 01:52:36.239 AM [info]: Validation Error: Invalid ID
2023-09-06 01:52:36.243 AM [info]: Validation Error: Invalid ID
2023-09-06 01:52:36.263 AM [info]: Authinticatio/Authorization Error: Access Denied
2023-09-06 01:52:36.267 AM [info]: Authinticatio/Authorization Error: Access Denied
2023-09-06 01:52:36.277 AM [info]: Validation Error: Entity Not Found
2023-09-06 01:52:36.291 AM [info]: Validation Error: Invalid ID
2023-09-06 01:52:36.281 AM [info]: Validation Error: Invalid ID
2023-09-06 01:52:36.285 AM [info]: Validation Error: Invalid ID
2023-09-06 01:52:36.299 AM [info]: Validation Error: Invalid ID
2023-09-06 01:52:36.312 AM [info]: Validation Error: Invalid ID
2023-09-06 01:52:36.318 AM [info]: Validation Error: Invalid ID
2023-09-06 01:52:36.329 AM [info]: Validation Error: Entity Not Found
2023-09-06 01:52:36.331 AM [info]: Authinticatio/Authorization Error: Access Denied
2023-09-06 01:52:36.333 AM [info]: Validation Error: Invalid ID
2023-09-06 01:52:36.336 AM [info]: Validation Error: Invalid ID
2023-09-06 01:52:36.347 AM [info]: Validation Error: Entity Not Found
2023-09-06 01:52:36.359 AM [info]: Authinticatio/Authorization Error: Access Denied
2023-09-06 01:52:36.352 AM [info]: Validation Error: Invalid ID
2023-09-06 01:52:36.356 AM [info]: Validation Error: Invalid ID
2023-09-06 01:52:36.368 AM [info]: Validation Error: Entity Not Found
2023-09-06 01:52:36.373 AM [info]: Validation Error: Invalid ID
2023-09-06 01:52:36.372 AM [info]: Validation Error: Invalid ID
2023-09-06 01:52:36.375 AM [info]: Validation Error: Invalid ID
2023-09-06 01:52:36.387 AM [info]: Authinticatio/Authorization Error: Access Denied
2023-09-06 01:52:36.381 AM [info]: Validation Error: Invalid ID
2023-09-06 01:52:36.370 AM [info]: Validation Error: Invalid ID
2023-09-06 01:52:36.405 AM [info]: Validation Error: Entity Not Found
2023-09-06 01:52:36.408 AM [info]: Validation Error: Entity Not Found
2023-09-06 01:52:36.411 AM [info]: Validation Error: Invalid ID
2023-09-06 01:52:36.413 AM [info]: Validation Error: Invalid ID
2023-09-06 01:52:36.419 AM [info]: Authinticatio/Authorization Error: Access Denied
2023-09-06 01:52:36.408 AM [info]: Validation Error: Invalid ID
2023-09-06 01:52:36.412 AM [info]: Validation Error: Invalid ID
2023-09-06 01:52:36.420 AM [info]: Authinticatio/Authorization Error: Access Denied
2023-09-06 01:52:36.457 AM [info]: Validation Error: Entity Not Found
2023-09-06 01:52:36.446 AM [info]: Validation Error: Entity Not Found
2023-09-06 01:52:36.449 AM [info]: Validation Error: Invalid ID
2023-09-06 01:52:36.452 AM [info]: Validation Error: Invalid ID
2023-09-06 01:52:36.464 AM [info]: Authinticatio/Authorization Error: Access Denied
2023-09-06 01:52:36.463 AM [info]: Validation Error: Invalid ID
2023-09-06 01:52:36.465 AM [info]: Validation Error: Invalid ID
2023-09-06 01:52:36.469 AM [info]: Authinticatio/Authorization Error: Access Denied
2023-09-06 01:52:36.478 AM [info]: Validation Error: Entity Not Found
2023-09-06 01:52:36.482 AM [info]: Validation Error: Invalid ID
2023-09-06 01:52:36.485 AM [info]: Validation Error: Invalid ID
2023-09-06 01:52:36.490 AM [info]: Authinticatio/Authorization Error: Access Denied
2023-09-06 01:52:37.077 AM [info]: Validation Error: Entity Not Found
2023-09-06 01:52:37.082 AM [info]: Validation Error: Invalid ID
2023-09-06 01:52:37.092 AM [info]: Validation Error: Entity Not Found
2023-09-06 01:52:37.118 AM [info]: Validation Error: Entity Not Found
2023-09-06 01:52:37.139 AM [info]: Validation Error: Entity Not Updated
2023-09-06 01:52:37.146 AM [info]: Validation Error: Invalid ID
2023-09-06 01:52:37.164 AM [info]: Validation Error: Entity Not Deleted
2023-09-06 01:52:37.167 AM [info]: Validation Error: Invalid ID
2023-09-06 02:00:40.704 AM [info]: Authinticatio/Authorization Error: User Is Not Logged In
2023-09-06 02:00:40.707 AM [info]: Authinticatio/Authorization Error: User Is Not Logged In
