2023-09-23 05:07:12.968 AM [info]: Authinticatio/Authorization Error: User Is Not Logged In
2023-09-23 05:07:12.972 AM [info]: Authinticatio/Authorization Error: User Is Not Logged In
2023-09-23 12:55:50.095 PM [info]: Validation Error: UserName Is Required
2023-09-23 12:58:40.686 PM [info]: Validation Error: UserName Is Required
2023-09-23 01:02:22.866 PM [info]: Validation Error: UserName Is Required
2023-09-23 01:03:42.636 PM [info]: Validation Error: UserName Is Required
2023-09-23 01:04:26.063 PM [info]: Validation Error: UserName Is Required
2023-09-23 01:06:29.533 PM [info]: Validation Error: UserName Is Required
2023-09-23 01:07:12.068 PM [info]: Validation Error: The fields [userName] are already in use.
2023-09-23 01:07:41.933 PM [info]: Validation Error: UserName Is Required
2023-09-23 01:08:46.718 PM [info]: Validation Error: UserName Is Required
2023-09-23 01:09:03.096 PM [info]: Validation Error: UserName Is Required
2023-09-23 01:11:30.204 PM [info]: Validation Error: UserName Is Required
2023-09-23 01:13:52.667 PM [info]: Validation Error: UserName Is Required
2023-09-23 01:14:16.841 PM [info]: Validation Error: UserName Is Required
2023-09-23 01:20:30.050 PM [info]: Validation Error: UserName Is Required
2023-09-23 01:22:43.123 PM [info]: Validation Error: The fields [userName] are already in use.
2023-09-23 01:29:55.488 PM [info]: Validation Error: The fields [userName] are already in use.
2023-09-23 01:30:00.783 PM [info]: Validation Error: The fields [email] are already in use.
2023-09-23 01:49:07.978 PM [info]: Validation Error: Entity Not Found
2023-09-23 01:50:44.066 PM [info]: Validation Error: Entity Not Found
2023-09-23 01:58:04.595 PM [info]: Validation Error: Entity Not Found
2023-09-23 09:05:15.185 PM [info]: Validation Error: Password Is Wrong
2023-09-23 09:18:32.068 PM [info]: Authinticatio/Authorization Error: Access Denied
2023-09-23 10:23:00.589 PM [info]: Authinticatio/Authorization Error: Access Denied
2023-09-23 11:42:16.517 PM [info]: Authinticatio/Authorization Error: Access Denied
2023-09-23 11:54:10.158 PM [info]: Authinticatio/Authorization Error: Access Denied
